2019-10-23 17:49:09,834:INFO:Conexion aceptada desde 192.168.0.112:51520 username:sermor
2019-10-23 17:49:23,299:INFO:Mensaje API recibido desde sermor: a,a,a@3
2019-10-23 17:49:23,299:INFO:Mensaje MAC recibido desde sermor: 5d1b8872ba280983d9ea1f47b019853e82808e65be17a6350d316924bc8502ac5db2455042e01c16f833a156834e958dbd7a36e4300a435c655a49ecfd22b5c6
2019-10-23 17:49:23,300:DEBUG:5d1b8872ba280983d9ea1f47b019853e82808e65be17a6350d316924bc8502ac5db2455042e01c16f833a156834e958dbd7a36e4300a435c655a49ecfd22b5c6
2019-10-23 17:49:23,300:DEBUG:b'5d1b8872ba280983d9ea1f47b019853e82808e65be17a6350d316924bc8502ac5db2455042e01c16f833a156834e958dbd7a36e4300a435c655a49ecfd22b5c6'
2019-10-23 17:49:23,301:INFO:OK, integridad confirmada
2019-10-23 17:49:43,293:INFO:Mensaje API recibido desde sermor: a,a,a@3
2019-10-23 17:49:43,294:INFO:Mensaje MAC recibido desde sermor: 5d1b8872ba280983d9ea1f47b019853e82808e65be17a6350d316924bc8502ac5db2455042e01c16f833a156834e958dbd7a36e4300a435c655a49ecfd22b5c6
2019-10-23 17:49:43,295:DEBUG:5d1b8872ba280983d9ea1f47b019853e82808e65be17a6350d316924bc8502ac5db2455042e01c16f833a156834e958dbd7a36e4300a435c655a49ecfd22b5c6
2019-10-23 17:49:43,295:DEBUG:b'5d1b8872ba280983d9ea1f47b019853e82808e65be17a6350d316924bc8502ac5db2455042e01c16f833a156834e958dbd7a36e4300a435c655a49ecfd22b5c6'
2019-10-23 17:49:43,295:WARNING:Ataque de Replay detectado
2019-10-23 17:52:35,097:INFO:Conexion aceptada desde 192.168.0.112:51528 username:pepe
2019-10-23 17:52:45,710:INFO:Mensaje API recibido desde pepe: a,a,a@3
2019-10-23 17:52:45,711:INFO:Mensaje MAC recibido desde pepe: 5d1b8872ba280983d9ea1f47b019853e82808e65be17a6350d316924bc8502ac5db2455042e01c16f833a156834e958dbd7a36e4300a435c655a49ecfd22b5c6
2019-10-23 17:52:45,711:DEBUG:5d1b8872ba280983d9ea1f47b019853e82808e65be17a6350d316924bc8502ac5db2455042e01c16f833a156834e958dbd7a36e4300a435c655a49ecfd22b5c6
2019-10-23 17:52:45,712:DEBUG:b'5d1b8872ba280983d9ea1f47b019853e82808e65be17a6350d316924bc8502ac5db2455042e01c16f833a156834e958dbd7a36e4300a435c655a49ecfd22b5c6'
2019-10-23 17:52:45,712:INFO:OK, integridad confirmada
2019-10-23 17:53:07,227:INFO:Mensaje API recibido desde pepe: a,a,a@3
2019-10-23 17:53:07,228:INFO:Mensaje MAC recibido desde pepe: 5d1b8872ba280983d9ea1f47b019853e82808e65be17a6350d316924bc8502ac5db2455042e01c16f833a156834e958dbd7a36e4300a435c655a49ecfd22b5c6
2019-10-23 17:53:07,228:DEBUG:5d1b8872ba280983d9ea1f47b019853e82808e65be17a6350d316924bc8502ac5db2455042e01c16f833a156834e958dbd7a36e4300a435c655a49ecfd22b5c6
2019-10-23 17:53:07,229:DEBUG:b'5d1b8872ba280983d9ea1f47b019853e82808e65be17a6350d316924bc8502ac5db2455042e01c16f833a156834e958dbd7a36e4300a435c655a49ecfd22b5c6'
2019-10-23 17:53:07,229:WARNING:Ataque de Replay detectado
2019-10-23 17:53:14,921:INFO:Conexion cerrada desde pepe
2019-10-23 17:57:24,698:INFO:Conexion aceptada desde 127.0.0.1:37912 username:User
2019-10-23 17:57:38,861:INFO:Mensaje API recibido desde User: org,dst,123451242131@2019-10-23 17:57:38.861275
2019-10-23 17:57:38,861:INFO:Mensaje MAC recibido desde User: 7fd38aa3992ad835dc384bcaa0d2e682e555457a097058e3c400d6efbe91f939
2019-10-23 17:57:38,861:DEBUG:7fd38aa3992ad835dc384bcaa0d2e682e555457a097058e3c400d6efbe91f939
2019-10-23 17:57:38,861:DEBUG:b'7fd38aa3992ad835dc384bcaa0d2e682e555457a097058e3c400d6efbe91f939'
2019-10-23 17:57:38,862:INFO:OK, integridad confirmada
2019-10-23 18:03:21,267:INFO:Conexion cerrada desde User
2019-10-23 18:03:39,361:INFO:Conexion aceptada desde 127.0.0.1:37966 username:user
2019-10-23 18:03:53,720:INFO:Mensaje API recibido desde user: org,dst,cant@2019-10-23 18:03:53.720307
2019-10-23 18:03:53,721:INFO:Mensaje MAC recibido desde user: cd6e9b964cf8796fed096721ba73fa27bef248b1
2019-10-23 18:03:53,721:DEBUG:cd6e9b964cf8796fed096721ba73fa27bef248b1
2019-10-23 18:03:53,722:DEBUG:b'cd6e9b964cf8796fed096721ba73fa27bef248b1'
2019-10-23 18:03:53,722:INFO:OK, integridad confirmada
2019-10-23 18:21:59,373:INFO:Conexion aceptada desde 127.0.0.1:38252 username:USER
2019-10-23 18:22:17,549:INFO:Mensaje API recibido desde USER: org,dst,cant@2019-10-23 18:22:17.548571
2019-10-23 18:22:17,549:INFO:Mensaje MAC recibido desde USER: 0fb8acb0e5cdc05b4a222d902534599fde6acbdb
2019-10-23 18:22:17,550:DEBUG:0fb8acb0e5cdc05b4a222d902534599fde6acbdb
2019-10-23 18:22:17,550:DEBUG:b'0fb8acb0e5cdc05b4a222d902534599fde6acbdb'
2019-10-23 18:22:17,550:INFO:OK, integridad confirmada
2019-10-23 18:22:49,839:INFO:Conexion aceptada desde 127.0.0.1:38266 username:user
2019-10-23 18:23:05,767:INFO:Mensaje API recibido desde user: org,dst,cant@2019-10-23 18:23:05.766508
2019-10-23 18:23:05,767:INFO:Mensaje MAC recibido desde user: fc1f44571ac3e557e6194196efa244833e17c128
2019-10-23 18:23:05,767:DEBUG:fc1f44571ac3e557e6194196efa244833e17c128
2019-10-23 18:23:05,768:DEBUG:b'fc1f44571ac3e557e6194196efa244833e17c128'
2019-10-23 18:23:05,768:INFO:OK, integridad confirmada
2019-10-23 18:24:51,599:INFO:Conexion aceptada desde 192.168.0.112:51769 username:pepe
2019-10-23 18:25:08,805:INFO:Mensaje API recibido desde pepe: a,a,a@3
2019-10-23 18:25:08,806:INFO:Mensaje MAC recibido desde pepe: 5d1b8872ba280983d9ea1f47b019853e82808e65be17a6350d316924bc8502ac5db2455042e01c16f833a156834e958dbd7a36e4300a435c655a49ecfd22b5c6
2019-10-23 18:25:08,806:DEBUG:5119d0bc85012e2263fa6b7580769709393ca5f6
2019-10-23 18:25:08,807:DEBUG:b'5d1b8872ba280983d9ea1f47b019853e82808e65be17a6350d316924bc8502ac5db2455042e01c16f833a156834e958dbd7a36e4300a435c655a49ecfd22b5c6'
2019-10-23 18:25:08,807:WARNING:NOPE, integridad comprometida
2019-10-23 18:27:40,677:INFO:Conexion aceptada desde 192.168.0.112:51772 username:pepe
2019-10-23 18:27:51,273:INFO:Mensaje API recibido desde pepe: a,a,a@3
2019-10-23 18:27:51,274:INFO:Mensaje MAC recibido desde pepe: 5d1b8872ba280983d9ea1f47b019853e82808e65be17a6350d316924bc8502ac5db2455042e01c16f833a156834e958dbd7a36e4300a435c655a49ecfd22b5c6
2019-10-23 18:27:51,274:DEBUG:5119d0bc85012e2263fa6b7580769709393ca5f6
2019-10-23 18:27:51,274:DEBUG:b'5d1b8872ba280983d9ea1f47b019853e82808e65be17a6350d316924bc8502ac5db2455042e01c16f833a156834e958dbd7a36e4300a435c655a49ecfd22b5c6'
2019-10-23 18:27:51,274:WARNING:NOPE, integridad comprometida
2019-10-23 18:28:30,232:INFO:Conexion aceptada desde 192.168.0.112:51773 username:pepe
2019-10-23 18:28:41,101:INFO:Mensaje API recibido desde pepe: a,a,a@3
2019-10-23 18:28:41,105:INFO:Mensaje MAC recibido desde pepe: 5d1b8872ba280983d9ea1f47b019853e82808e65be17a6350d316924bc8502ac5db2455042e01c16f833a156834e958dbd7a36e4300a435c655a49ecfd22b5c6
2019-10-23 18:28:41,105:DEBUG:5d1b8872ba280983d9ea1f47b019853e82808e65be17a6350d316924bc8502ac5db2455042e01c16f833a156834e958dbd7a36e4300a435c655a49ecfd22b5c6
2019-10-23 18:28:41,105:DEBUG:b'5d1b8872ba280983d9ea1f47b019853e82808e65be17a6350d316924bc8502ac5db2455042e01c16f833a156834e958dbd7a36e4300a435c655a49ecfd22b5c6'
2019-10-23 18:28:41,106:INFO:OK, integridad confirmada
2019-10-23 18:28:56,795:INFO:Mensaje API recibido desde pepe: a,a,a@3
2019-10-23 18:28:56,828:INFO:Mensaje MAC recibido desde pepe: 5d1b8872ba280983d9ea1f47b019853e82808e65be17a6350d316924bc8502ac5db2455042e01c16f833a156834e958dbd7a36e4300a435c655a49ecfd22b5c6
2019-10-23 18:28:56,828:DEBUG:5d1b8872ba280983d9ea1f47b019853e82808e65be17a6350d316924bc8502ac5db2455042e01c16f833a156834e958dbd7a36e4300a435c655a49ecfd22b5c6
2019-10-23 18:28:56,829:DEBUG:b'5d1b8872ba280983d9ea1f47b019853e82808e65be17a6350d316924bc8502ac5db2455042e01c16f833a156834e958dbd7a36e4300a435c655a49ecfd22b5c6'
2019-10-23 18:28:56,829:WARNING:Ataque de Replay detectado
2019-10-23 18:29:09,183:INFO:Conexion cerrada desde pepe
